This file contains any messages produced by compilers while
running configure, to aid debugging if configure makes a mistake.

It was created by rcssmonitor configure 19.0.1, which was
generated by GNU Autoconf 2.69.  Invocation command line was

  $ ./configure 

## --------- ##
## Platform. ##
## --------- ##

hostname = codespaces-1a9d6d
uname -m = x86_64
uname -r = 6.8.0-1044-azure
uname -s = Linux
uname -v = #50~22.04.1-Ubuntu SMP Wed Dec  3 15:13:22 UTC 2025

/usr/bin/uname -p = x86_64
/bin/uname -X     = unknown

/bin/arch              = x86_64
/usr/bin/arch -k       = unknown
/usr/convex/getsysinfo = unknown
/usr/bin/hostinfo      = unknown
/bin/machine           = unknown
/usr/bin/oslevel       = unknown
/bin/universe          = unknown

PATH: /usr/local/rvm/gems/ruby-3.4.1/bin
PATH: /usr/local/rvm/gems/ruby-3.4.1@global/bin
PATH: /usr/local/rvm/rubies/ruby-3.4.1/bin
PATH: /vscode/bin/linux-x64/cfbea10c5ffb233ea9177d34726e6056e89913dc/bin/remote-cli
PATH: /home/codespace/.local/bin
PATH: /home/codespace/.dotnet
PATH: /home/codespace/nvm/current/bin
PATH: /home/codespace/.php/current/bin
PATH: /home/codespace/.python/current/bin
PATH: /home/codespace/java/current/bin
PATH: /home/codespace/.ruby/current/bin
PATH: /home/codespace/.local/bin
PATH: /usr/local/python/current/bin
PATH: /usr/local/py-utils/bin
PATH: /usr/local/jupyter
PATH: /usr/local/oryx
PATH: /usr/local/go/bin
PATH: /go/bin
PATH: /usr/local/sdkman/bin
PATH: /usr/local/sdkman/candidates/java/current/bin
PATH: /usr/local/sdkman/candidates/gradle/current/bin
PATH: /usr/local/sdkman/candidates/maven/current/bin
PATH: /usr/local/sdkman/candidates/ant/current/bin
PATH: /usr/local/rvm/gems/default/bin
PATH: /usr/local/rvm/gems/default@global/bin
PATH: /usr/local/rvm/rubies/default/bin
PATH: /usr/local/share/rbenv/bin
PATH: /usr/local/php/current/bin
PATH: /opt/conda/bin
PATH: /usr/local/nvs
PATH: /usr/local/share/nvm/versions/node/v22.15.0/bin
PATH: /usr/local/hugo/bin
PATH: /usr/local/sbin
PATH: /usr/local/bin
PATH: /usr/sbin
PATH: /usr/bin
PATH: /sbin
PATH: /bin
PATH: /usr/share/dotnet
PATH: /home/codespace/.dotnet/tools
PATH: /usr/local/rvm/bin


## ----------- ##
## Core tests. ##
## ----------- ##

configure:2620: checking for a BSD-compatible install
configure:2688: result: /usr/bin/install -c
configure:2699: checking whether build environment is sane
configure:2754: result: yes
configure:2903: checking for a thread-safe mkdir -p
configure:2942: result: /usr/bin/mkdir -p
configure:2949: checking for gawk
configure:2965: found /usr/bin/gawk
configure:2976: result: gawk
configure:2987: checking whether make sets $(MAKE)
configure:3009: result: yes
configure:3038: checking whether make supports nested variables
configure:3055: result: yes
configure:3219: checking build system type
configure:3233: result: x86_64-pc-linux-gnu
configure:3253: checking host system type
configure:3266: result: x86_64-pc-linux-gnu
configure:3307: checking how to print strings
configure:3334: result: printf
configure:3359: checking whether make supports the include directive
configure:3374: make -f confmf.GNU && cat confinc.out
this is the am__doit target
configure:3377: $? = 0
configure:3396: result: yes (GNU style)
configure:3466: checking for gcc
configure:3482: found /usr/bin/gcc
configure:3493: result: gcc
configure:3722: checking for C compiler version
configure:3731: gcc --version >&5
gcc (Ubuntu 9.4.0-1ubuntu1~20.04.2) 9.4.0
Copyright (C) 2019 Free Software Foundation, Inc.
This is free software; see the source for copying conditions.  There is NO
warranty; not even for MERCHANTABILITY or FITNESS FOR A PARTICULAR PURPOSE.

configure:3742: $? = 0
configure:3731: gcc -v >&5
Using built-in specs.
COLLECT_GCC=gcc
COLLECT_LTO_WRAPPER=/usr/lib/gcc/x86_64-linux-gnu/9/lto-wrapper
OFFLOAD_TARGET_NAMES=nvptx-none:hsa
OFFLOAD_TARGET_DEFAULT=1
Target: x86_64-linux-gnu
Configured with: ../src/configure -v --with-pkgversion='Ubuntu 9.4.0-1ubuntu1~20.04.2' --with-bugurl=file:///usr/share/doc/gcc-9/README.Bugs --enable-languages=c,ada,c++,go,brig,d,fortran,objc,obj-c++,gm2 --prefix=/usr --with-gcc-major-version-only --program-suffix=-9 --program-prefix=x86_64-linux-gnu- --enable-shared --enable-linker-build-id --libexecdir=/usr/lib --without-included-gettext --enable-threads=posix --libdir=/usr/lib --enable-nls --enable-clocale=gnu --enable-libstdcxx-debug --enable-libstdcxx-time=yes --with-default-libstdcxx-abi=new --enable-gnu-unique-object --disable-vtable-verify --enable-plugin --enable-default-pie --with-system-zlib --with-target-system-zlib=auto --enable-objc-gc=auto --enable-multiarch --disable-werror --with-arch-32=i686 --with-abi=m64 --with-multilib-list=m32,m64,mx32 --enable-multilib --with-tune=generic --enable-offload-targets=nvptx-none=/build/gcc-9-9QDOt0/gcc-9-9.4.0/debian/tmp-nvptx/usr,hsa --without-cuda-driver --enable-checking=release --build=x86_64-linux-gnu --host=x86_64-linux-gnu --target=x86_64-linux-gnu
Thread model: posix
gcc version 9.4.0 (Ubuntu 9.4.0-1ubuntu1~20.04.2) 
configure:3742: $? = 0
configure:3731: gcc -V >&5
gcc: error: unrecognized command line option '-V'
gcc: fatal error: no input files
compilation terminated.
configure:3742: $? = 1
configure:3731: gcc -qversion >&5
gcc: error: unrecognized command line option '-qversion'; did you mean '--version'?
gcc: fatal error: no input files
compilation terminated.
configure:3742: $? = 1
configure:3762: checking whether the C compiler works
configure:3784: gcc    conftest.c  >&5
configure:3788: $? = 0
configure:3836: result: yes
configure:3839: checking for C compiler default output file name
configure:3841: result: a.out
configure:3847: checking for suffix of executables
configure:3854: gcc -o conftest    conftest.c  >&5
configure:3858: $? = 0
configure:3880: result: 
configure:3902: checking whether we are cross compiling
configure:3910: gcc -o conftest    conftest.c  >&5
configure:3914: $? = 0
configure:3921: ./conftest
configure:3925: $? = 0
configure:3913: result: no
configure:3918: checking for suffix of object files
configure:3940: gcc -c   conftest.c >&5
configure:3944: $? = 0
configure:3965: result: o
configure:3969: checking whether we are using the GNU C compiler
configure:3988: gcc -c   conftest.c >&5
configure:3988: $? = 0
configure:3997: result: yes
configure:4006: checking whether gcc accepts -g
configure:4026: gcc -c -g  conftest.c >&5
configure:4026: $? = 0
configure:4067: result: yes
configure:4084: checking for gcc option to accept ISO C89
configure:4147: gcc  -c -g -O2  conftest.c >&5
configure:4147: $? = 0
configure:4160: result: none needed
configure:4185: checking whether gcc understands -c and -o together
configure:4207: gcc -c conftest.c -o conftest2.o
configure:4210: $? = 0
configure:4207: gcc -c conftest.c -o conftest2.o
configure:4210: $? = 0
configure:4222: result: yes
configure:4241: checking dependency style of gcc
configure:4352: result: gcc3
configure:4367: checking for a sed that does not truncate output
configure:4431: result: /usr/bin/sed
configure:4449: checking for grep that handles long lines and -e
configure:4507: result: /usr/bin/grep
configure:4512: checking for egrep
configure:4574: result: /usr/bin/grep -E
configure:4579: checking for fgrep
configure:4641: result: /usr/bin/grep -F
configure:4676: checking for ld used by gcc
configure:4743: result: /usr/bin/ld
configure:4750: checking if the linker (/usr/bin/ld) is GNU ld
configure:4765: result: yes
configure:4777: checking for BSD- or MS-compatible name lister (nm)
configure:4831: result: /usr/bin/nm -B
configure:4961: checking the name lister (/usr/bin/nm -B) interface
configure:4968: gcc -c -g -O2  conftest.c >&5
configure:4971: /usr/bin/nm -B "conftest.o"
configure:4974: output
0000000000000000 B some_variable
configure:4975: result: BSD nm
configure:4978: checking whether ln -s works
configure:4982: result: yes
configure:4990: checking the maximum length of command line arguments
configure:5121: result: 1572864
configure:5169: checking how to convert x86_64-pc-linux-gnu file names to x86_64-pc-linux-gnu format
configure:5209: result: func_convert_file_noop
configure:5216: checking how to convert x86_64-pc-linux-gnu file names to toolchain format
configure:5236: result: func_convert_file_noop
configure:5243: checking for /usr/bin/ld option to reload object files
configure:5250: result: -r
configure:5324: checking for objdump
configure:5340: found /usr/bin/objdump
configure:5351: result: objdump
configure:5383: checking how to recognize dependent libraries
configure:5583: result: pass_all
configure:5668: checking for dlltool
configure:5698: result: no
configure:5728: checking how to associate runtime and link libraries
configure:5755: result: printf %s\n
configure:5816: checking for ar
configure:5832: found /usr/bin/ar
configure:5843: result: ar
configure:5880: checking for archiver @FILE support
configure:5897: gcc -c -g -O2  conftest.c >&5
configure:5897: $? = 0
configure:5900: ar cr libconftest.a @conftest.lst >&5
configure:5903: $? = 0
configure:5908: ar cr libconftest.a @conftest.lst >&5
ar: conftest.o: No such file or directory
configure:5911: $? = 1
configure:5910: result: @
configure:5968: checking for strip
configure:5984: found /usr/bin/strip
configure:5995: result: strip
configure:6067: checking for ranlib
configure:6083: found /usr/bin/ranlib
configure:6094: result: ranlib
configure:6196: checking command to parse /usr/bin/nm -B output from gcc object
configure:6349: gcc -c -g -O2  conftest.c >&5
configure:6352: $? = 0
configure:6356: /usr/bin/nm -B conftest.o | sed -n -e 's/^.*[	 ]\([ABCDGIRSTW][ABCDGIRSTW]*\)[	 ][	 ]*\([_A-Za-z][_A-Za-z0-9]*\)$/\1 \2 \2/p' | sed '/ __gnu_lto/d' > conftest.nm
configure:6422: gcc -o conftest -g -O2   conftest.c conftstm.o >&5
configure:6425: $? = 0
configure:6463: result: ok
configure:6510: checking for sysroot
configure:6540: result: no
configure:6547: checking for a working dd
configure:6585: result: /usr/bin/dd
configure:6589: checking how to truncate binary pipes
configure:6604: result: /usr/bin/dd bs=4096 count=1
configure:6740: gcc -c -g -O2  conftest.c >&5
configure:6743: $? = 0
configure:6933: checking for mt
configure:6963: result: no
configure:6983: checking if : is a manifest tool
configure:6989: : '-?'
configure:6997: result: no
configure:7674: checking how to run the C preprocessor
configure:7705: gcc -E  conftest.c
configure:7705: $? = 0
configure:7719: gcc -E  conftest.c
conftest.c:11:10: fatal error: ac_nonexistent.h: No such file or directory
   11 | #include <ac_nonexistent.h>
      |          ^~~~~~~~~~~~~~~~~~
compilation terminated.
configure:7719: $? = 1
configure: failed program was:
| /* confdefs.h */
| #define PACKAGE_NAME "rcssmonitor"
| #define PACKAGE_TARNAME "rcssmonitor"
| #define PACKAGE_VERSION "19.0.1"
| #define PACKAGE_STRING "rcssmonitor 19.0.1"
| #define PACKAGE_BUGREPORT "https://github.com/rcsoccersim/rcssmonitor"
| #define PACKAGE_URL ""
| #define PACKAGE "rcssmonitor"
| #define VERSION "19.0.1"
| /* end confdefs.h.  */
| #include <ac_nonexistent.h>
configure:7744: result: gcc -E
configure:7764: gcc -E  conftest.c
configure:7764: $? = 0
configure:7778: gcc -E  conftest.c
conftest.c:11:10: fatal error: ac_nonexistent.h: No such file or directory
   11 | #include <ac_nonexistent.h>
      |          ^~~~~~~~~~~~~~~~~~
compilation terminated.
configure:7778: $? = 1
configure: failed program was:
| /* confdefs.h */
| #define PACKAGE_NAME "rcssmonitor"
| #define PACKAGE_TARNAME "rcssmonitor"
| #define PACKAGE_VERSION "19.0.1"
| #define PACKAGE_STRING "rcssmonitor 19.0.1"
| #define PACKAGE_BUGREPORT "https://github.com/rcsoccersim/rcssmonitor"
| #define PACKAGE_URL ""
| #define PACKAGE "rcssmonitor"
| #define VERSION "19.0.1"
| /* end confdefs.h.  */
| #include <ac_nonexistent.h>
configure:7807: checking for ANSI C header files
configure:7827: gcc -c -g -O2  conftest.c >&5
configure:7827: $? = 0
configure:7900: gcc -o conftest -g -O2   conftest.c  >&5
configure:7900: $? = 0
configure:7900: ./conftest
configure:7900: $? = 0
configure:7911: result: yes
configure:7924: checking for sys/types.h
configure:7924: gcc -c -g -O2  conftest.c >&5
configure:7924: $? = 0
configure:7924: result: yes
configure:7924: checking for sys/stat.h
configure:7924: gcc -c -g -O2  conftest.c >&5
configure:7924: $? = 0
configure:7924: result: yes
configure:7924: checking for stdlib.h
configure:7924: gcc -c -g -O2  conftest.c >&5
configure:7924: $? = 0
configure:7924: result: yes
configure:7924: checking for string.h
configure:7924: gcc -c -g -O2  conftest.c >&5
configure:7924: $? = 0
configure:7924: result: yes
configure:7924: checking for memory.h
configure:7924: gcc -c -g -O2  conftest.c >&5
configure:7924: $? = 0
configure:7924: result: yes
configure:7924: checking for strings.h
configure:7924: gcc -c -g -O2  conftest.c >&5
configure:7924: $? = 0
configure:7924: result: yes
configure:7924: checking for inttypes.h
configure:7924: gcc -c -g -O2  conftest.c >&5
configure:7924: $? = 0
configure:7924: result: yes
configure:7924: checking for stdint.h
configure:7924: gcc -c -g -O2  conftest.c >&5
configure:7924: $? = 0
configure:7924: result: yes
configure:7924: checking for unistd.h
configure:7924: gcc -c -g -O2  conftest.c >&5
configure:7924: $? = 0
configure:7924: result: yes
configure:7938: checking for dlfcn.h
configure:7938: gcc -c -g -O2  conftest.c >&5
configure:7938: $? = 0
configure:7938: result: yes
configure:8192: checking for objdir
configure:8207: result: .libs
configure:8471: checking if gcc supports -fno-rtti -fno-exceptions
configure:8489: gcc -c -g -O2  -fno-rtti -fno-exceptions conftest.c >&5
cc1: warning: command line option '-fno-rtti' is valid for C++/D/ObjC++ but not for C
configure:8493: $? = 0
configure:8506: result: no
configure:8870: checking for gcc option to produce PIC
configure:8877: result: -fPIC -DPIC
configure:8885: checking if gcc PIC flag -fPIC -DPIC works
configure:8903: gcc -c -g -O2  -fPIC -DPIC -DPIC conftest.c >&5
configure:8907: $? = 0
configure:8920: result: yes
configure:8949: checking if gcc static flag -static works
configure:8977: result: yes
configure:8992: checking if gcc supports -c -o file.o
configure:9013: gcc -c -g -O2  -o out/conftest2.o conftest.c >&5
configure:9017: $? = 0
configure:9039: result: yes
configure:9047: checking if gcc supports -c -o file.o
configure:9094: result: yes
configure:9127: checking whether the gcc linker (/usr/bin/ld -m elf_x86_64) supports shared libraries
configure:10390: result: yes
configure:10427: checking whether -lc should be explicitly linked in
configure:10435: gcc -c -g -O2  conftest.c >&5
configure:10438: $? = 0
configure:10453: gcc -shared  -fPIC -DPIC conftest.o  -v -Wl,-soname -Wl,conftest -o conftest 2\>\&1 \| /usr/bin/grep  -lc  \>/dev/null 2\>\&1
configure:10456: $? = 0
configure:10470: result: no
configure:10630: checking dynamic linker characteristics
configure:11211: gcc -o conftest -g -O2   -Wl,-rpath -Wl,/foo conftest.c  >&5
configure:11211: $? = 0
configure:11460: result: GNU/Linux ld.so
configure:11582: checking how to hardcode library paths into programs
configure:11607: result: immediate
configure:12155: checking whether stripping libraries is possible
configure:12160: result: yes
configure:12195: checking if libtool supports shared libraries
configure:12197: result: yes
configure:12200: checking whether to build shared libraries
configure:12225: result: yes
configure:12228: checking whether to build static libraries
configure:12232: result: no
configure:9103: checking for g++
configure:9119: found /usr/bin/g++
configure:9130: result: g++
configure:9157: checking for C++ compiler version
configure:9166: g++ --version >&5
g++ (Ubuntu 9.4.0-1ubuntu1~20.04.2) 9.4.0
Copyright (C) 2019 Free Software Foundation, Inc.
This is free software; see the source for copying conditions.  There is NO
warranty; not even for MERCHANTABILITY or FITNESS FOR A PARTICULAR PURPOSE.

configure:9177: $? = 0
configure:9166: g++ -v >&5
Using built-in specs.
COLLECT_GCC=g++
COLLECT_LTO_WRAPPER=/usr/lib/gcc/x86_64-linux-gnu/9/lto-wrapper
OFFLOAD_TARGET_NAMES=nvptx-none:hsa
OFFLOAD_TARGET_DEFAULT=1
Target: x86_64-linux-gnu
Configured with: ../src/configure -v --with-pkgversion='Ubuntu 9.4.0-1ubuntu1~20.04.2' --with-bugurl=file:///usr/share/doc/gcc-9/README.Bugs --enable-languages=c,ada,c++,go,brig,d,fortran,objc,obj-c++,gm2 --prefix=/usr --with-gcc-major-version-only --program-suffix=-9 --program-prefix=x86_64-linux-gnu- --enable-shared --enable-linker-build-id --libexecdir=/usr/lib --without-included-gettext --enable-threads=posix --libdir=/usr/lib --enable-nls --enable-clocale=gnu --enable-libstdcxx-debug --enable-libstdcxx-time=yes --with-default-libstdcxx-abi=new --enable-gnu-unique-object --disable-vtable-verify --enable-plugin --enable-default-pie --with-system-zlib --with-target-system-zlib=auto --enable-objc-gc=auto --enable-multiarch --disable-werror --with-arch-32=i686 --with-abi=m64 --with-multilib-list=m32,m64,mx32 --enable-multilib --with-tune=generic --enable-offload-targets=nvptx-none=/build/gcc-9-9QDOt0/gcc-9-9.4.0/debian/tmp-nvptx/usr,hsa --without-cuda-driver --enable-checking=release --build=x86_64-linux-gnu --host=x86_64-linux-gnu --target=x86_64-linux-gnu
Thread model: posix
gcc version 9.4.0 (Ubuntu 9.4.0-1ubuntu1~20.04.2) 
configure:9177: $? = 0
configure:9166: g++ -V >&5
g++: error: unrecognized command line option '-V'
g++: fatal error: no input files
compilation terminated.
configure:9177: $? = 1
configure:9166: g++ -qversion >&5
g++: error: unrecognized command line option '-qversion'; did you mean '--version'?
g++: fatal error: no input files
compilation terminated.
configure:9177: $? = 1
configure:9181: checking whether we are using the GNU C++ compiler
configure:9200: g++ -c   conftest.cpp >&5
configure:9200: $? = 0
configure:9209: result: yes
configure:9218: checking whether g++ accepts -g
configure:9238: g++ -c -g  conftest.cpp >&5
configure:9238: $? = 0
configure:9279: result: yes
configure:9304: checking dependency style of g++
configure:9415: result: gcc3
configure:9449: checking how to run the C++ preprocessor
configure:9476: g++ -E  conftest.cpp
configure:9476: $? = 0
configure:9490: g++ -E  conftest.cpp
conftest.cpp:23:10: fatal error: ac_nonexistent.h: No such file or directory
   23 | #include <ac_nonexistent.h>
      |          ^~~~~~~~~~~~~~~~~~
compilation terminated.
configure:9490: $? = 1
configure: failed program was:
| /* confdefs.h */
| #define PACKAGE_NAME "rcssmonitor"
| #define PACKAGE_TARNAME "rcssmonitor"
| #define PACKAGE_VERSION "19.0.1"
| #define PACKAGE_STRING "rcssmonitor 19.0.1"
| #define PACKAGE_BUGREPORT "https://github.com/rcsoccersim/rcssmonitor"
| #define PACKAGE_URL ""
| #define PACKAGE "rcssmonitor"
| #define VERSION "19.0.1"
| #define STDC_HEADERS 1
| #define HAVE_SYS_TYPES_H 1
| #define HAVE_SYS_STAT_H 1
| #define HAVE_STDLIB_H 1
| #define HAVE_STRING_H 1
| #define HAVE_MEMORY_H 1
| #define HAVE_STRINGS_H 1
| #define HAVE_INTTYPES_H 1
| #define HAVE_STDINT_H 1
| #define HAVE_UNISTD_H 1
| #define HAVE_DLFCN_H 1
| #define LT_OBJDIR ".libs/"
| /* end confdefs.h.  */
| #include <ac_nonexistent.h>
configure:9515: result: g++ -E
configure:9535: g++ -E  conftest.cpp
configure:9535: $? = 0
configure:9549: g++ -E  conftest.cpp
conftest.cpp:23:10: fatal error: ac_nonexistent.h: No such file or directory
   23 | #include <ac_nonexistent.h>
      |          ^~~~~~~~~~~~~~~~~~
compilation terminated.
configure:9549: $? = 1
configure: failed program was:
| /* confdefs.h */
| #define PACKAGE_NAME "rcssmonitor"
| #define PACKAGE_TARNAME "rcssmonitor"
| #define PACKAGE_VERSION "19.0.1"
| #define PACKAGE_STRING "rcssmonitor 19.0.1"
| #define PACKAGE_BUGREPORT "https://github.com/rcsoccersim/rcssmonitor"
| #define PACKAGE_URL ""
| #define PACKAGE "rcssmonitor"
| #define VERSION "19.0.1"
| #define STDC_HEADERS 1
| #define HAVE_SYS_TYPES_H 1
| #define HAVE_SYS_STAT_H 1
| #define HAVE_STDLIB_H 1
| #define HAVE_STRING_H 1
| #define HAVE_MEMORY_H 1
| #define HAVE_STRINGS_H 1
| #define HAVE_INTTYPES_H 1
| #define HAVE_STDINT_H 1
| #define HAVE_UNISTD_H 1
| #define HAVE_DLFCN_H 1
| #define LT_OBJDIR ".libs/"
| /* end confdefs.h.  */
| #include <ac_nonexistent.h>
configure:9711: checking for ld used by g++
configure:9778: result: /usr/bin/ld -m elf_x86_64
configure:9785: checking if the linker (/usr/bin/ld -m elf_x86_64) is GNU ld
configure:9800: result: yes
configure:9855: checking whether the g++ linker (/usr/bin/ld -m elf_x86_64) supports shared libraries
configure:10928: result: yes
configure:10964: g++ -c -g -O2  conftest.cpp >&5
configure:10967: $? = 0
configure:11448: checking for g++ option to produce PIC
configure:11455: result: -fPIC -DPIC
configure:11463: checking if g++ PIC flag -fPIC -DPIC works
configure:11481: g++ -c -g -O2  -fPIC -DPIC -DPIC conftest.cpp >&5
configure:11485: $? = 0
configure:11498: result: yes
configure:11521: checking if g++ static flag -static works
configure:11549: result: yes
configure:11561: checking if g++ supports -c -o file.o
configure:11582: g++ -c -g -O2  -o out/conftest2.o conftest.cpp >&5
configure:11586: $? = 0
configure:11608: result: yes
configure:11613: checking if g++ supports -c -o file.o
configure:11660: result: yes
configure:11690: checking whether the g++ linker (/usr/bin/ld -m elf_x86_64) supports shared libraries
configure:11733: result: yes
configure:11874: checking dynamic linker characteristics
configure:12631: result: GNU/Linux ld.so
configure:12696: checking how to hardcode library paths into programs
configure:12721: result: immediate
configure:11646: checking for gcc
configure:11673: result: gcc
configure:11902: checking for C compiler version
configure:11911: gcc --version >&5
gcc (Ubuntu 9.4.0-1ubuntu1~20.04.2) 9.4.0
Copyright (C) 2019 Free Software Foundation, Inc.
This is free software; see the source for copying conditions.  There is NO
warranty; not even for MERCHANTABILITY or FITNESS FOR A PARTICULAR PURPOSE.

configure:11922: $? = 0
configure:11911: gcc -v >&5
Using built-in specs.
COLLECT_GCC=gcc
COLLECT_LTO_WRAPPER=/usr/lib/gcc/x86_64-linux-gnu/9/lto-wrapper
OFFLOAD_TARGET_NAMES=nvptx-none:hsa
OFFLOAD_TARGET_DEFAULT=1
Target: x86_64-linux-gnu
Configured with: ../src/configure -v --with-pkgversion='Ubuntu 9.4.0-1ubuntu1~20.04.2' --with-bugurl=file:///usr/share/doc/gcc-9/README.Bugs --enable-languages=c,ada,c++,go,brig,d,fortran,objc,obj-c++,gm2 --prefix=/usr --with-gcc-major-version-only --program-suffix=-9 --program-prefix=x86_64-linux-gnu- --enable-shared --enable-linker-build-id --libexecdir=/usr/lib --without-included-gettext --enable-threads=posix --libdir=/usr/lib --enable-nls --enable-clocale=gnu --enable-libstdcxx-debug --enable-libstdcxx-time=yes --with-default-libstdcxx-abi=new --enable-gnu-unique-object --disable-vtable-verify --enable-plugin --enable-default-pie --with-system-zlib --with-target-system-zlib=auto --enable-objc-gc=auto --enable-multiarch --disable-werror --with-arch-32=i686 --with-abi=m64 --with-multilib-list=m32,m64,mx32 --enable-multilib --with-tune=generic --enable-offload-targets=nvptx-none=/build/gcc-9-9QDOt0/gcc-9-9.4.0/debian/tmp-nvptx/usr,hsa --without-cuda-driver --enable-checking=release --build=x86_64-linux-gnu --host=x86_64-linux-gnu --target=x86_64-linux-gnu
Thread model: posix
gcc version 9.4.0 (Ubuntu 9.4.0-1ubuntu1~20.04.2) 
configure:11922: $? = 0
configure:11911: gcc -V >&5
gcc: error: unrecognized command line option '-V'
gcc: fatal error: no input files
compilation terminated.
configure:11922: $? = 1
configure:11911: gcc -qversion >&5
gcc: error: unrecognized command line option '-qversion'; did you mean '--version'?
gcc: fatal error: no input files
compilation terminated.
configure:11922: $? = 1
configure:11926: checking whether we are using the GNU C compiler
configure:11954: result: yes
configure:11963: checking whether gcc accepts -g
configure:12024: result: yes
configure:12041: checking for gcc option to accept ISO C89
configure:12117: result: none needed
configure:12142: checking whether gcc understands -c and -o together
configure:12179: result: yes
configure:12198: checking dependency style of gcc
configure:12309: result: gcc3
configure:12329: checking how to run the C preprocessor
configure:12399: result: gcc -E
configure:12419: gcc -E  conftest.c
configure:12419: $? = 0
configure:12433: gcc -E  conftest.c
conftest.c:23:10: fatal error: ac_nonexistent.h: No such file or directory
   23 | #include <ac_nonexistent.h>
      |          ^~~~~~~~~~~~~~~~~~
compilation terminated.
configure:12433: $? = 1
configure: failed program was:
| /* confdefs.h */
| #define PACKAGE_NAME "rcssmonitor"
| #define PACKAGE_TARNAME "rcssmonitor"
| #define PACKAGE_VERSION "19.0.1"
| #define PACKAGE_STRING "rcssmonitor 19.0.1"
| #define PACKAGE_BUGREPORT "https://github.com/rcsoccersim/rcssmonitor"
| #define PACKAGE_URL ""
| #define PACKAGE "rcssmonitor"
| #define VERSION "19.0.1"
| #define STDC_HEADERS 1
| #define HAVE_SYS_TYPES_H 1
| #define HAVE_SYS_STAT_H 1
| #define HAVE_STDLIB_H 1
| #define HAVE_STRING_H 1
| #define HAVE_MEMORY_H 1
| #define HAVE_STRINGS_H 1
| #define HAVE_INTTYPES_H 1
| #define HAVE_STDINT_H 1
| #define HAVE_UNISTD_H 1
| #define HAVE_DLFCN_H 1
| #define LT_OBJDIR ".libs/"
| /* end confdefs.h.  */
| #include <ac_nonexistent.h>
configure:12573: checking for C++ compiler version
configure:12582: g++ --version >&5
g++ (Ubuntu 9.4.0-1ubuntu1~20.04.2) 9.4.0
Copyright (C) 2019 Free Software Foundation, Inc.
This is free software; see the source for copying conditions.  There is NO
warranty; not even for MERCHANTABILITY or FITNESS FOR A PARTICULAR PURPOSE.

configure:12593: $? = 0
configure:12582: g++ -v >&5
Using built-in specs.
COLLECT_GCC=g++
COLLECT_LTO_WRAPPER=/usr/lib/gcc/x86_64-linux-gnu/9/lto-wrapper
OFFLOAD_TARGET_NAMES=nvptx-none:hsa
OFFLOAD_TARGET_DEFAULT=1
Target: x86_64-linux-gnu
Configured with: ../src/configure -v --with-pkgversion='Ubuntu 9.4.0-1ubuntu1~20.04.2' --with-bugurl=file:///usr/share/doc/gcc-9/README.Bugs --enable-languages=c,ada,c++,go,brig,d,fortran,objc,obj-c++,gm2 --prefix=/usr --with-gcc-major-version-only --program-suffix=-9 --program-prefix=x86_64-linux-gnu- --enable-shared --enable-linker-build-id --libexecdir=/usr/lib --without-included-gettext --enable-threads=posix --libdir=/usr/lib --enable-nls --enable-clocale=gnu --enable-libstdcxx-debug --enable-libstdcxx-time=yes --with-default-libstdcxx-abi=new --enable-gnu-unique-object --disable-vtable-verify --enable-plugin --enable-default-pie --with-system-zlib --with-target-system-zlib=auto --enable-objc-gc=auto --enable-multiarch --disable-werror --with-arch-32=i686 --with-abi=m64 --with-multilib-list=m32,m64,mx32 --enable-multilib --with-tune=generic --enable-offload-targets=nvptx-none=/build/gcc-9-9QDOt0/gcc-9-9.4.0/debian/tmp-nvptx/usr,hsa --without-cuda-driver --enable-checking=release --build=x86_64-linux-gnu --host=x86_64-linux-gnu --target=x86_64-linux-gnu
Thread model: posix
gcc version 9.4.0 (Ubuntu 9.4.0-1ubuntu1~20.04.2) 
configure:12593: $? = 0
configure:12582: g++ -V >&5
g++: error: unrecognized command line option '-V'
g++: fatal error: no input files
compilation terminated.
configure:12593: $? = 1
configure:12582: g++ -qversion >&5
g++: error: unrecognized command line option '-qversion'; did you mean '--version'?
g++: fatal error: no input files
compilation terminated.
configure:12593: $? = 1
configure:12597: checking whether we are using the GNU C++ compiler
configure:12625: result: yes
configure:12634: checking whether g++ accepts -g
configure:12695: result: yes
configure:12720: checking dependency style of g++
configure:12831: result: gcc3
configure:12851: checking for cos in -lm
configure:12876: gcc -o conftest -g -O2   conftest.c -lm   >&5
conftest.c:30:6: warning: conflicting types for built-in function 'cos'; expected 'double(double)' [-Wbuiltin-declaration-mismatch]
   30 | char cos ();
      |      ^~~
conftest.c:1:1: note: 'cos' is declared in header '<math.h>'
    1 | /* confdefs.h */
configure:12876: $? = 0
configure:12885: result: yes
configure:12897: checking if zlib is wanted
configure:12919: result: yes
configure:12949: checking for inflateEnd in -lz
configure:12974: gcc -o conftest -g -O2  -I/usr/include  -L/usr/lib conftest.c -lz  -lm  >&5
configure:12974: $? = 0
configure:12983: result: yes
configure:12991: checking zlib.h usability
configure:12991: gcc -c -g -O2  -I/usr/include conftest.c >&5
configure:12991: $? = 0
configure:12991: result: yes
configure:12991: checking zlib.h presence
configure:12991: gcc -E  -I/usr/include conftest.c
configure:12991: $? = 0
configure:12991: result: yes
configure:12991: checking for zlib.h
configure:12991: result: yes
configure:13035: checking arpa/inet.h usability
configure:13035: gcc -c -g -O2  -I/usr/include -I/usr/include conftest.c >&5
configure:13035: $? = 0
configure:13035: result: yes
configure:13035: checking arpa/inet.h presence
configure:13035: gcc -E  -I/usr/include -I/usr/include conftest.c
configure:13035: $? = 0
configure:13035: result: yes
configure:13035: checking for arpa/inet.h
configure:13035: result: yes
configure:13052: checking for stdbool.h that conforms to C99
configure:13119: gcc -c -g -O2  -I/usr/include -I/usr/include conftest.c >&5
configure:13119: $? = 0
configure:13126: result: yes
configure:13128: checking for _Bool
configure:13128: gcc -c -g -O2  -I/usr/include -I/usr/include conftest.c >&5
configure:13128: $? = 0
configure:13128: gcc -c -g -O2  -I/usr/include -I/usr/include conftest.c >&5
conftest.c: In function 'main':
conftest.c:61:20: error: expected expression before ')' token
   61 | if (sizeof ((_Bool)))
      |                    ^
configure:13128: $? = 1
configure: failed program was:
| /* confdefs.h */
| #define PACKAGE_NAME "rcssmonitor"
| #define PACKAGE_TARNAME "rcssmonitor"
| #define PACKAGE_VERSION "19.0.1"
| #define PACKAGE_STRING "rcssmonitor 19.0.1"
| #define PACKAGE_BUGREPORT "https://github.com/rcsoccersim/rcssmonitor"
| #define PACKAGE_URL ""
| #define PACKAGE "rcssmonitor"
| #define VERSION "19.0.1"
| #define STDC_HEADERS 1
| #define HAVE_SYS_TYPES_H 1
| #define HAVE_SYS_STAT_H 1
| #define HAVE_STDLIB_H 1
| #define HAVE_STRING_H 1
| #define HAVE_MEMORY_H 1
| #define HAVE_STRINGS_H 1
| #define HAVE_INTTYPES_H 1
| #define HAVE_STDINT_H 1
| #define HAVE_UNISTD_H 1
| #define HAVE_DLFCN_H 1
| #define LT_OBJDIR ".libs/"
| #define HAVE_LIBZ 1
| #define HAVE_ARPA_INET_H 1
| /* end confdefs.h.  */
| #include <stdio.h>
| #ifdef HAVE_SYS_TYPES_H
| # include <sys/types.h>
| #endif
| #ifdef HAVE_SYS_STAT_H
| # include <sys/stat.h>
| #endif
| #ifdef STDC_HEADERS
| # include <stdlib.h>
| # include <stddef.h>
| #else
| # ifdef HAVE_STDLIB_H
| #  include <stdlib.h>
| # endif
| #endif
| #ifdef HAVE_STRING_H
| # if !defined STDC_HEADERS && defined HAVE_MEMORY_H
| #  include <memory.h>
| # endif
| # include <string.h>
| #endif
| #ifdef HAVE_STRINGS_H
| # include <strings.h>
| #endif
| #ifdef HAVE_INTTYPES_H
| # include <inttypes.h>
| #endif
| #ifdef HAVE_STDINT_H
| # include <stdint.h>
| #endif
| #ifdef HAVE_UNISTD_H
| # include <unistd.h>
| #endif
| int
| main ()
| {
| if (sizeof ((_Bool)))
| 	    return 0;
|   ;
|   return 0;
| }
configure:13128: result: yes
configure:13145: checking for inline
configure:13161: gcc -c -g -O2  -I/usr/include -I/usr/include conftest.c >&5
configure:13161: $? = 0
configure:13169: result: inline
configure:13187: checking for an ANSI C-conforming const
configure:13253: gcc -c -g -O2  -I/usr/include -I/usr/include conftest.c >&5
configure:13253: $? = 0
configure:13260: result: yes
configure:13268: checking for int16_t
configure:13268: gcc -c -g -O2  -I/usr/include -I/usr/include conftest.c >&5
configure:13268: $? = 0
configure:13268: gcc -c -g -O2  -I/usr/include -I/usr/include conftest.c >&5
conftest.c: In function 'main':
conftest.c:64:12: error: size of array 'test_array' is negative
   64 | static int test_array [1 - 2 * !((int16_t) (((((int16_t) 1 << N) << N) - 1) * 2 + 1)
      |            ^~~~~~~~~~
configure:13268: $? = 1
configure: failed program was:
| /* confdefs.h */
| #define PACKAGE_NAME "rcssmonitor"
| #define PACKAGE_TARNAME "rcssmonitor"
| #define PACKAGE_VERSION "19.0.1"
| #define PACKAGE_STRING "rcssmonitor 19.0.1"
| #define PACKAGE_BUGREPORT "https://github.com/rcsoccersim/rcssmonitor"
| #define PACKAGE_URL ""
| #define PACKAGE "rcssmonitor"
| #define VERSION "19.0.1"
| #define STDC_HEADERS 1
| #define HAVE_SYS_TYPES_H 1
| #define HAVE_SYS_STAT_H 1
| #define HAVE_STDLIB_H 1
| #define HAVE_STRING_H 1
| #define HAVE_MEMORY_H 1
| #define HAVE_STRINGS_H 1
| #define HAVE_INTTYPES_H 1
| #define HAVE_STDINT_H 1
| #define HAVE_UNISTD_H 1
| #define HAVE_DLFCN_H 1
| #define LT_OBJDIR ".libs/"
| #define HAVE_LIBZ 1
| #define HAVE_ARPA_INET_H 1
| #define HAVE__BOOL 1
| #define HAVE_STDBOOL_H 1
| /* end confdefs.h.  */
| #include <stdio.h>
| #ifdef HAVE_SYS_TYPES_H
| # include <sys/types.h>
| #endif
| #ifdef HAVE_SYS_STAT_H
| # include <sys/stat.h>
| #endif
| #ifdef STDC_HEADERS
| # include <stdlib.h>
| # include <stddef.h>
| #else
| # ifdef HAVE_STDLIB_H
| #  include <stdlib.h>
| # endif
| #endif
| #ifdef HAVE_STRING_H
| # if !defined STDC_HEADERS && defined HAVE_MEMORY_H
| #  include <memory.h>
| # endif
| # include <string.h>
| #endif
| #ifdef HAVE_STRINGS_H
| # include <strings.h>
| #endif
| #ifdef HAVE_INTTYPES_H
| # include <inttypes.h>
| #endif
| #ifdef HAVE_STDINT_H
| # include <stdint.h>
| #endif
| #ifdef HAVE_UNISTD_H
| # include <unistd.h>
| #endif
| 	        enum { N = 16 / 2 - 1 };
| int
| main ()
| {
| static int test_array [1 - 2 * !((int16_t) (((((int16_t) 1 << N) << N) - 1) * 2 + 1)
| 		 < (int16_t) (((((int16_t) 1 << N) << N) - 1) * 2 + 2))];
| test_array [0] = 0;
| return test_array [0];
| 
|   ;
|   return 0;
| }
configure:13268: result: yes
configure:13279: checking for int32_t
configure:13279: gcc -c -g -O2  -I/usr/include -I/usr/include conftest.c >&5
configure:13279: $? = 0
configure:13279: gcc -c -g -O2  -I/usr/include -I/usr/include conftest.c >&5
conftest.c: In function 'main':
conftest.c:65:53: warning: integer overflow in expression of type 'int' results in '-2147483648' [-Woverflow]
   65 |    < (int32_t) (((((int32_t) 1 << N) << N) - 1) * 2 + 2))];
      |                                                     ^
conftest.c:64:12: error: storage size of 'test_array' isn't constant
   64 | static int test_array [1 - 2 * !((int32_t) (((((int32_t) 1 << N) << N) - 1) * 2 + 1)
      |            ^~~~~~~~~~
configure:13279: $? = 1
configure: failed program was:
| /* confdefs.h */
| #define PACKAGE_NAME "rcssmonitor"
| #define PACKAGE_TARNAME "rcssmonitor"
| #define PACKAGE_VERSION "19.0.1"
| #define PACKAGE_STRING "rcssmonitor 19.0.1"
| #define PACKAGE_BUGREPORT "https://github.com/rcsoccersim/rcssmonitor"
| #define PACKAGE_URL ""
| #define PACKAGE "rcssmonitor"
| #define VERSION "19.0.1"
| #define STDC_HEADERS 1
| #define HAVE_SYS_TYPES_H 1
| #define HAVE_SYS_STAT_H 1
| #define HAVE_STDLIB_H 1
| #define HAVE_STRING_H 1
| #define HAVE_MEMORY_H 1
| #define HAVE_STRINGS_H 1
| #define HAVE_INTTYPES_H 1
| #define HAVE_STDINT_H 1
| #define HAVE_UNISTD_H 1
| #define HAVE_DLFCN_H 1
| #define LT_OBJDIR ".libs/"
| #define HAVE_LIBZ 1
| #define HAVE_ARPA_INET_H 1
| #define HAVE__BOOL 1
| #define HAVE_STDBOOL_H 1
| /* end confdefs.h.  */
| #include <stdio.h>
| #ifdef HAVE_SYS_TYPES_H
| # include <sys/types.h>
| #endif
| #ifdef HAVE_SYS_STAT_H
| # include <sys/stat.h>
| #endif
| #ifdef STDC_HEADERS
| # include <stdlib.h>
| # include <stddef.h>
| #else
| # ifdef HAVE_STDLIB_H
| #  include <stdlib.h>
| # endif
| #endif
| #ifdef HAVE_STRING_H
| # if !defined STDC_HEADERS && defined HAVE_MEMORY_H
| #  include <memory.h>
| # endif
| # include <string.h>
| #endif
| #ifdef HAVE_STRINGS_H
| # include <strings.h>
| #endif
| #ifdef HAVE_INTTYPES_H
| # include <inttypes.h>
| #endif
| #ifdef HAVE_STDINT_H
| # include <stdint.h>
| #endif
| #ifdef HAVE_UNISTD_H
| # include <unistd.h>
| #endif
| 	        enum { N = 32 / 2 - 1 };
| int
| main ()
| {
| static int test_array [1 - 2 * !((int32_t) (((((int32_t) 1 << N) << N) - 1) * 2 + 1)
| 		 < (int32_t) (((((int32_t) 1 << N) << N) - 1) * 2 + 2))];
| test_array [0] = 0;
| return test_array [0];
| 
|   ;
|   return 0;
| }
configure:13279: result: yes
configure:13290: checking for size_t
configure:13290: gcc -c -g -O2  -I/usr/include -I/usr/include conftest.c >&5
configure:13290: $? = 0
configure:13290: gcc -c -g -O2  -I/usr/include -I/usr/include conftest.c >&5
conftest.c: In function 'main':
conftest.c:63:21: error: expected expression before ')' token
   63 | if (sizeof ((size_t)))
      |                     ^
configure:13290: $? = 1
configure: failed program was:
| /* confdefs.h */
| #define PACKAGE_NAME "rcssmonitor"
| #define PACKAGE_TARNAME "rcssmonitor"
| #define PACKAGE_VERSION "19.0.1"
| #define PACKAGE_STRING "rcssmonitor 19.0.1"
| #define PACKAGE_BUGREPORT "https://github.com/rcsoccersim/rcssmonitor"
| #define PACKAGE_URL ""
| #define PACKAGE "rcssmonitor"
| #define VERSION "19.0.1"
| #define STDC_HEADERS 1
| #define HAVE_SYS_TYPES_H 1
| #define HAVE_SYS_STAT_H 1
| #define HAVE_STDLIB_H 1
| #define HAVE_STRING_H 1
| #define HAVE_MEMORY_H 1
| #define HAVE_STRINGS_H 1
| #define HAVE_INTTYPES_H 1
| #define HAVE_STDINT_H 1
| #define HAVE_UNISTD_H 1
| #define HAVE_DLFCN_H 1
| #define LT_OBJDIR ".libs/"
| #define HAVE_LIBZ 1
| #define HAVE_ARPA_INET_H 1
| #define HAVE__BOOL 1
| #define HAVE_STDBOOL_H 1
| /* end confdefs.h.  */
| #include <stdio.h>
| #ifdef HAVE_SYS_TYPES_H
| # include <sys/types.h>
| #endif
| #ifdef HAVE_SYS_STAT_H
| # include <sys/stat.h>
| #endif
| #ifdef STDC_HEADERS
| # include <stdlib.h>
| # include <stddef.h>
| #else
| # ifdef HAVE_STDLIB_H
| #  include <stdlib.h>
| # endif
| #endif
| #ifdef HAVE_STRING_H
| # if !defined STDC_HEADERS && defined HAVE_MEMORY_H
| #  include <memory.h>
| # endif
| # include <string.h>
| #endif
| #ifdef HAVE_STRINGS_H
| # include <strings.h>
| #endif
| #ifdef HAVE_INTTYPES_H
| # include <inttypes.h>
| #endif
| #ifdef HAVE_STDINT_H
| # include <stdint.h>
| #endif
| #ifdef HAVE_UNISTD_H
| # include <unistd.h>
| #endif
| int
| main ()
| {
| if (sizeof ((size_t)))
| 	    return 0;
|   ;
|   return 0;
| }
configure:13290: result: yes
configure:13301: checking whether time.h and sys/time.h may both be included
configure:13321: gcc -c -g -O2  -I/usr/include -I/usr/include conftest.c >&5
configure:13321: $? = 0
configure:13328: result: yes
configure:13336: checking for uint16_t
configure:13336: gcc -c -g -O2  -I/usr/include -I/usr/include conftest.c >&5
configure:13336: $? = 0
configure:13336: result: yes
configure:13348: checking for uint32_t
configure:13348: gcc -c -g -O2  -I/usr/include -I/usr/include conftest.c >&5
configure:13348: $? = 0
configure:13348: result: yes
configure:13367: checking for error_at_line
configure:13383: gcc -o conftest -g -O2  -I/usr/include -I/usr/include  -L/usr/lib -L/usr/lib conftest.c -lz -lm  >&5
configure:13383: $? = 0
configure:13391: result: yes
configure:13405: checking for memset
configure:13405: gcc -o conftest -g -O2  -I/usr/include -I/usr/include  -L/usr/lib -L/usr/lib conftest.c -lz -lm  >&5
conftest.c:51:6: warning: conflicting types for built-in function 'memset'; expected 'void *(void *, int,  long unsigned int)' [-Wbuiltin-declaration-mismatch]
   51 | char memset ();
      |      ^~~~~~
conftest.c:39:1: note: 'memset' is declared in header '<string.h>'
   38 | # include <limits.h>
   39 | #else
configure:13405: $? = 0
configure:13405: result: yes
configure:13405: checking for rint
configure:13405: gcc -o conftest -g -O2  -I/usr/include -I/usr/include  -L/usr/lib -L/usr/lib conftest.c -lz -lm  >&5
conftest.c:52:6: warning: conflicting types for built-in function 'rint'; expected 'double(double)' [-Wbuiltin-declaration-mismatch]
   52 | char rint ();
      |      ^~~~
conftest.c:40:1: note: 'rint' is declared in header '<math.h>'
   39 | # include <limits.h>
   40 | #else
configure:13405: $? = 0
configure:13405: result: yes
configure:13405: checking for strtol
configure:13405: gcc -o conftest -g -O2  -I/usr/include -I/usr/include  -L/usr/lib -L/usr/lib conftest.c -lz -lm  >&5
configure:13405: $? = 0
configure:13405: result: yes
configure:13405: checking for pow
configure:13405: gcc -o conftest -g -O2  -I/usr/include -I/usr/include  -L/usr/lib -L/usr/lib conftest.c -lz -lm  >&5
conftest.c:54:6: warning: conflicting types for built-in function 'pow'; expected 'double(double,  double)' [-Wbuiltin-declaration-mismatch]
   54 | char pow ();
      |      ^~~
conftest.c:42:1: note: 'pow' is declared in header '<math.h>'
   41 | # include <limits.h>
   42 | #else
configure:13405: $? = 0
configure:13405: result: yes
configure:13405: checking for sqrt
configure:13405: gcc -o conftest -g -O2  -I/usr/include -I/usr/include  -L/usr/lib -L/usr/lib conftest.c -lz -lm  >&5
conftest.c:55:6: warning: conflicting types for built-in function 'sqrt'; expected 'double(double)' [-Wbuiltin-declaration-mismatch]
   55 | char sqrt ();
      |      ^~~~
conftest.c:43:1: note: 'sqrt' is declared in header '<math.h>'
   42 | # include <limits.h>
   43 | #else
configure:13405: $? = 0
configure:13405: result: yes
configure:13418: checking for X
configure:13526: gcc -E  -I/usr/include -I/usr/include conftest.c
configure:13526: $? = 0
configure:13557: gcc -o conftest -g -O2  -I/usr/include -I/usr/include  -L/usr/lib -L/usr/lib conftest.c -lX11 -lz -lm  >&5
configure:13557: $? = 0
configure:13607: result: libraries , headers 
configure:13706: gcc -o conftest -g -O2  -I/usr/include -I/usr/include  -L/usr/lib -L/usr/lib conftest.c -lz -lm   -lX11 >&5
configure:13706: $? = 0
configure:13804: checking for gethostbyname
configure:13804: gcc -o conftest -g -O2  -I/usr/include -I/usr/include  -L/usr/lib -L/usr/lib conftest.c -lz -lm  >&5
configure:13804: $? = 0
configure:13804: result: yes
configure:13901: checking for connect
configure:13901: gcc -o conftest -g -O2  -I/usr/include -I/usr/include  -L/usr/lib -L/usr/lib conftest.c -lz -lm  >&5
configure:13901: $? = 0
configure:13901: result: yes
configure:13950: checking for remove
configure:13950: gcc -o conftest -g -O2  -I/usr/include -I/usr/include  -L/usr/lib -L/usr/lib conftest.c -lz -lm  >&5
configure:13950: $? = 0
configure:13950: result: yes
configure:13999: checking for shmat
configure:13999: gcc -o conftest -g -O2  -I/usr/include -I/usr/include  -L/usr/lib -L/usr/lib conftest.c -lz -lm  >&5
configure:13999: $? = 0
configure:13999: result: yes
configure:14057: checking for IceConnectionNumber in -lICE
configure:14082: gcc -o conftest -g -O2  -I/usr/include -I/usr/include  -L/usr/lib -L/usr/lib conftest.c -lICE  -lz -lm  >&5
configure:14082: $? = 0
configure:14091: result: yes
configure:14158: checking for qmake
configure:14174: found /usr/bin/qmake
configure:14185: result: qmake
configure:14210: checking for Qt
configure:14287: result: yes:
    QT_CXXFLAGS=-pipe -O2 -Wall -W -D_REENTRANT -fPIC -DQT_NO_DEBUG -DQT_OPENGL_LIB -DQT_PRINTSUPPORT_LIB -DQT_WIDGETS_LIB -DQT_GUI_LIB -DQT_CONCURRENT_LIB -DQT_DBUS_LIB -DQT_NETWORK_LIB -DQT_SQL_LIB -DQT_TESTLIB_LIB -DQT_XML_LIB -DQT_CORE_LIB -DQT_TESTCASE_BUILDDIR="/tmp/tmp.27kQhCD1ry" -I. -isystem /usr/include/x86_64-linux-gnu/qt5 -isystem /usr/include/x86_64-linux-gnu/qt5/QtOpenGL -isystem /usr/include/x86_64-linux-gnu/qt5/QtPrintSupport -isystem /usr/include/x86_64-linux-gnu/qt5/QtWidgets -isystem /usr/include/x86_64-linux-gnu/qt5/QtGui -isystem /usr/include/x86_64-linux-gnu/qt5/QtConcurrent -isystem /usr/include/x86_64-linux-gnu/qt5/QtDBus -isystem /usr/include/x86_64-linux-gnu/qt5/QtNetwork -isystem /usr/include/x86_64-linux-gnu/qt5/QtSql -isystem /usr/include/x86_64-linux-gnu/qt5/QtTest -isystem /usr/include/x86_64-linux-gnu/qt5/QtXml -isystem /usr/include/x86_64-linux-gnu/qt5/QtCore -I. -I/usr/lib/x86_64-linux-gnu/qt5/mkspecs/linux-g++ 
    QT_DIR=/usr/lib/x86_64-linux-gnu
    QT_LIBS=/usr/lib/x86_64-linux-gnu/libQt5OpenGL.so /usr/lib/x86_64-linux-gnu/libQt5PrintSupport.so /usr/lib/x86_64-linux-gnu/libQt5Widgets.so /usr/lib/x86_64-linux-gnu/libQt5Gui.so /usr/lib/x86_64-linux-gnu/libQt5Concurrent.so /usr/lib/x86_64-linux-gnu/libQt5DBus.so /usr/lib/x86_64-linux-gnu/libQt5Network.so /usr/lib/x86_64-linux-gnu/libQt5Sql.so /usr/lib/x86_64-linux-gnu/libQt5Test.so /usr/lib/x86_64-linux-gnu/libQt5Xml.so /usr/lib/x86_64-linux-gnu/libQt5Core.so /usr/lib/x86_64-linux-gnu/libGL.so -lpthread  
    QT_UIC=/usr/bin/uic
    QT_MOC=/usr/bin/moc
    QT_RCC=/usr/bin/rcc
    QT_LRELEASE=/usr/bin/lrelease
    QT_LUPDATE=/usr/bin/lupdate
configure:14323: checking correct functioning of Qt installation
configure:14357: /usr/bin/moc ax_qt_test.h -o moc_ax_qt_test.c >/dev/null 2>/dev/null
configure:14360: $? = 0
configure:14368: g++ -pipe -O2 -Wall -W -D_REENTRANT -fPIC -DQT_NO_DEBUG -DQT_OPENGL_LIB -DQT_PRINTSUPPORT_LIB -DQT_WIDGETS_LIB -DQT_GUI_LIB -DQT_CONCURRENT_LIB -DQT_DBUS_LIB -DQT_NETWORK_LIB -DQT_SQL_LIB -DQT_TESTLIB_LIB -DQT_XML_LIB -DQT_CORE_LIB -DQT_TESTCASE_BUILDDIR=/tmp/tmp.27kQhCD1ry -I. -isystem /usr/include/x86_64-linux-gnu/qt5 -isystem /usr/include/x86_64-linux-gnu/qt5/QtOpenGL -isystem /usr/include/x86_64-linux-gnu/qt5/QtPrintSupport -isystem /usr/include/x86_64-linux-gnu/qt5/QtWidgets -isystem /usr/include/x86_64-linux-gnu/qt5/QtGui -isystem /usr/include/x86_64-linux-gnu/qt5/QtConcurrent -isystem /usr/include/x86_64-linux-gnu/qt5/QtDBus -isystem /usr/include/x86_64-linux-gnu/qt5/QtNetwork -isystem /usr/include/x86_64-linux-gnu/qt5/QtSql -isystem /usr/include/x86_64-linux-gnu/qt5/QtTest -isystem /usr/include/x86_64-linux-gnu/qt5/QtXml -isystem /usr/include/x86_64-linux-gnu/qt5/QtCore -I. -I/usr/lib/x86_64-linux-gnu/qt5/mkspecs/linux-g++  -c -g -O2 -o moc_ax_qt_test.o moc_ax_qt_test.c >/dev/null 2>/dev/null
configure:14371: $? = 0
configure:14379: g++ -pipe -O2 -Wall -W -D_REENTRANT -fPIC -DQT_NO_DEBUG -DQT_OPENGL_LIB -DQT_PRINTSUPPORT_LIB -DQT_WIDGETS_LIB -DQT_GUI_LIB -DQT_CONCURRENT_LIB -DQT_DBUS_LIB -DQT_NETWORK_LIB -DQT_SQL_LIB -DQT_TESTLIB_LIB -DQT_XML_LIB -DQT_CORE_LIB -DQT_TESTCASE_BUILDDIR=/tmp/tmp.27kQhCD1ry -I. -isystem /usr/include/x86_64-linux-gnu/qt5 -isystem /usr/include/x86_64-linux-gnu/qt5/QtOpenGL -isystem /usr/include/x86_64-linux-gnu/qt5/QtPrintSupport -isystem /usr/include/x86_64-linux-gnu/qt5/QtWidgets -isystem /usr/include/x86_64-linux-gnu/qt5/QtGui -isystem /usr/include/x86_64-linux-gnu/qt5/QtConcurrent -isystem /usr/include/x86_64-linux-gnu/qt5/QtDBus -isystem /usr/include/x86_64-linux-gnu/qt5/QtNetwork -isystem /usr/include/x86_64-linux-gnu/qt5/QtSql -isystem /usr/include/x86_64-linux-gnu/qt5/QtTest -isystem /usr/include/x86_64-linux-gnu/qt5/QtXml -isystem /usr/include/x86_64-linux-gnu/qt5/QtCore -I. -I/usr/lib/x86_64-linux-gnu/qt5/mkspecs/linux-g++  -c -g -O2 -o ax_qt_main.o ax_qt_main.c >/dev/null 2>/dev/null
configure:14382: $? = 0
configure:14390: g++ -o ax_qt_main ax_qt_main.o moc_ax_qt_test.o /usr/lib/x86_64-linux-gnu/libQt5OpenGL.so /usr/lib/x86_64-linux-gnu/libQt5PrintSupport.so /usr/lib/x86_64-linux-gnu/libQt5Widgets.so /usr/lib/x86_64-linux-gnu/libQt5Gui.so /usr/lib/x86_64-linux-gnu/libQt5Concurrent.so /usr/lib/x86_64-linux-gnu/libQt5DBus.so /usr/lib/x86_64-linux-gnu/libQt5Network.so /usr/lib/x86_64-linux-gnu/libQt5Sql.so /usr/lib/x86_64-linux-gnu/libQt5Test.so /usr/lib/x86_64-linux-gnu/libQt5Xml.so /usr/lib/x86_64-linux-gnu/libQt5Core.so /usr/lib/x86_64-linux-gnu/libGL.so -lpthread   -lz -lm  >/dev/null 2>/dev/null
configure:14393: $? = 0
configure:14405: result: success
configure:14421: checking whether g++ supports C++17 features with -std=c++17
configure:15221: g++ -std=c++17 -c -g -O2  -I/usr/include -I/usr/include conftest.cpp >&5
configure:15221: $? = 0
configure:15230: result: yes
configure:15383: checking that generated files are newer than configure
configure:15389: result: done
configure:15424: creating ./config.status

## ---------------------- ##
## Running config.status. ##
## ---------------------- ##

This file was extended by rcssmonitor config.status 19.0.1, which was
generated by GNU Autoconf 2.69.  Invocation command line was

  CONFIG_FILES    = 
  CONFIG_HEADERS  = 
  CONFIG_LINKS    = 
  CONFIG_COMMANDS = 
  $ ./config.status 

on codespaces-1a9d6d

config.status:1183: creating Makefile
config.status:1183: creating rcss/Makefile
config.status:1183: creating rcss/rcg/Makefile
config.status:1183: creating src/Makefile
config.status:1183: creating config.h
config.status:1412: executing depfiles commands
config.status:1489: cd rcss/rcg       && sed -e '/# am--include-marker/d' Makefile         | make -f - am--depfiles
config.status:1494: $? = 0
config.status:1489: cd src       && sed -e '/# am--include-marker/d' Makefile         | make -f - am--depfiles
config.status:1494: $? = 0
config.status:1412: executing libtool commands

## ---------------- ##
## Cache variables. ##
## ---------------- ##

ac_cv_build=x86_64-pc-linux-gnu
ac_cv_c_compiler_gnu=yes
ac_cv_c_const=yes
ac_cv_c_inline=inline
ac_cv_c_int16_t=yes
ac_cv_c_int32_t=yes
ac_cv_c_uint16_t=yes
ac_cv_c_uint32_t=yes
ac_cv_cxx_compiler_gnu=yes
ac_cv_env_CCC_set=
ac_cv_env_CCC_value=
ac_cv_env_CC_set=
ac_cv_env_CC_value=
ac_cv_env_CFLAGS_set=
ac_cv_env_CFLAGS_value=
ac_cv_env_CPPFLAGS_set=
ac_cv_env_CPPFLAGS_value=
ac_cv_env_CPP_set=
ac_cv_env_CPP_value=
ac_cv_env_CXXCPP_set=
ac_cv_env_CXXCPP_value=
ac_cv_env_CXXFLAGS_set=
ac_cv_env_CXXFLAGS_value=
ac_cv_env_CXX_set=
ac_cv_env_CXX_value=
ac_cv_env_LDFLAGS_set=
ac_cv_env_LDFLAGS_value=
ac_cv_env_LIBS_set=
ac_cv_env_LIBS_value=
ac_cv_env_LT_SYS_LIBRARY_PATH_set=
ac_cv_env_LT_SYS_LIBRARY_PATH_value=
ac_cv_env_QMAKE_set=
ac_cv_env_QMAKE_value=
ac_cv_env_XMKMF_set=
ac_cv_env_XMKMF_value=
ac_cv_env_build_alias_set=
ac_cv_env_build_alias_value=
ac_cv_env_host_alias_set=
ac_cv_env_host_alias_value=
ac_cv_env_target_alias_set=
ac_cv_env_target_alias_value=
ac_cv_func_connect=yes
ac_cv_func_gethostbyname=yes
ac_cv_func_memset=yes
ac_cv_func_pow=yes
ac_cv_func_remove=yes
ac_cv_func_rint=yes
ac_cv_func_shmat=yes
ac_cv_func_sqrt=yes
ac_cv_func_strtol=yes
ac_cv_have_x='have_x=yes	ac_x_includes='\'''\''	ac_x_libraries='\'''\'''
ac_cv_header_arpa_inet_h=yes
ac_cv_header_dlfcn_h=yes
ac_cv_header_inttypes_h=yes
ac_cv_header_memory_h=yes
ac_cv_header_stdbool_h=yes
ac_cv_header_stdc=yes
ac_cv_header_stdint_h=yes
ac_cv_header_stdlib_h=yes
ac_cv_header_string_h=yes
ac_cv_header_strings_h=yes
ac_cv_header_sys_stat_h=yes
ac_cv_header_sys_types_h=yes
ac_cv_header_time=yes
ac_cv_header_unistd_h=yes
ac_cv_header_zlib_h=yes
ac_cv_host=x86_64-pc-linux-gnu
ac_cv_lib_ICE_IceConnectionNumber=yes
ac_cv_lib_error_at_line=yes
ac_cv_lib_m_cos=yes
ac_cv_lib_z_inflateEnd=yes
ac_cv_objext=o
ac_cv_path_EGREP='/usr/bin/grep -E'
ac_cv_path_FGREP='/usr/bin/grep -F'
ac_cv_path_GREP=/usr/bin/grep
ac_cv_path_SED=/usr/bin/sed
ac_cv_path_install='/usr/bin/install -c'
ac_cv_path_lt_DD=/usr/bin/dd
ac_cv_path_mkdir=/usr/bin/mkdir
ac_cv_prog_AWK=gawk
ac_cv_prog_CPP='gcc -E'
ac_cv_prog_CXXCPP='g++ -E'
ac_cv_prog_ac_ct_AR=ar
ac_cv_prog_ac_ct_CC=gcc
ac_cv_prog_ac_ct_CXX=g++
ac_cv_prog_ac_ct_OBJDUMP=objdump
ac_cv_prog_ac_ct_QMAKE=qmake
ac_cv_prog_ac_ct_RANLIB=ranlib
ac_cv_prog_ac_ct_STRIP=strip
ac_cv_prog_cc_c89=
ac_cv_prog_cc_g=yes
ac_cv_prog_cxx_g=yes
ac_cv_prog_make_make_set=yes
ac_cv_type__Bool=yes
ac_cv_type_size_t=yes
am_cv_CC_dependencies_compiler_type=gcc3
am_cv_CXX_dependencies_compiler_type=gcc3
am_cv_make_support_nested_variables=yes
am_cv_prog_cc_c_o=yes
ax_cv_cxx_compile_cxx17__std_cpp17=yes
ax_cv_qt_test_result=success
lt_cv_ar_at_file=@
lt_cv_archive_cmds_need_lc=no
lt_cv_deplibs_check_method=pass_all
lt_cv_file_magic_cmd='$MAGIC_CMD'
lt_cv_file_magic_test_file=
lt_cv_ld_reload_flag=-r
lt_cv_nm_interface='BSD nm'
lt_cv_objdir=.libs
lt_cv_path_LD=/usr/bin/ld
lt_cv_path_LDCXX='/usr/bin/ld -m elf_x86_64'
lt_cv_path_NM='/usr/bin/nm -B'
lt_cv_path_mainfest_tool=no
lt_cv_prog_compiler_c_o=yes
lt_cv_prog_compiler_c_o_CXX=yes
lt_cv_prog_compiler_pic='-fPIC -DPIC'
lt_cv_prog_compiler_pic_CXX='-fPIC -DPIC'
lt_cv_prog_compiler_pic_works=yes
lt_cv_prog_compiler_pic_works_CXX=yes
lt_cv_prog_compiler_rtti_exceptions=no
lt_cv_prog_compiler_static_works=yes
lt_cv_prog_compiler_static_works_CXX=yes
lt_cv_prog_gnu_ld=yes
lt_cv_prog_gnu_ldcxx=yes
lt_cv_sharedlib_from_linklib_cmd='printf %s\n'
lt_cv_shlibpath_overrides_runpath=yes
lt_cv_sys_global_symbol_pipe='sed -n -e '\''s/^.*[	 ]\([ABCDGIRSTW][ABCDGIRSTW]*\)[	 ][	 ]*\([_A-Za-z][_A-Za-z0-9]*\)$/\1 \2 \2/p'\'' | sed '\''/ __gnu_lto/d'\'''
lt_cv_sys_global_symbol_to_c_name_address='sed -n -e '\''s/^: \(.*\) .*$/  {"\1", (void *) 0},/p'\'' -e '\''s/^[ABCDGIRSTW][ABCDGIRSTW]* .* \(.*\)$/  {"\1", (void *) \&\1},/p'\'''
lt_cv_sys_global_symbol_to_c_name_address_lib_prefix='sed -n -e '\''s/^: \(.*\) .*$/  {"\1", (void *) 0},/p'\'' -e '\''s/^[ABCDGIRSTW][ABCDGIRSTW]* .* \(lib.*\)$/  {"\1", (void *) \&\1},/p'\'' -e '\''s/^[ABCDGIRSTW][ABCDGIRSTW]* .* \(.*\)$/  {"lib\1", (void *) \&\1},/p'\'''
lt_cv_sys_global_symbol_to_cdecl='sed -n -e '\''s/^T .* \(.*\)$/extern int \1();/p'\'' -e '\''s/^[ABCDGIRSTW][ABCDGIRSTW]* .* \(.*\)$/extern char \1;/p'\'''
lt_cv_sys_global_symbol_to_import=
lt_cv_sys_max_cmd_len=1572864
lt_cv_to_host_file_cmd=func_convert_file_noop
lt_cv_to_tool_file_cmd=func_convert_file_noop
lt_cv_truncate_bin='/usr/bin/dd bs=4096 count=1'
zlib_cv_libz=yes
zlib_cv_zlib_h=yes

## ----------------- ##
## Output variables. ##
## ----------------- ##

ACLOCAL='${SHELL} /home/codespace/rcssmonitor/missing aclocal-1.16'
AMDEPBACKSLASH='\'
AMDEP_FALSE='#'
AMDEP_TRUE=''
AMTAR='$${TAR-tar}'
AM_BACKSLASH='\'
AM_DEFAULT_V='$(AM_DEFAULT_VERBOSITY)'
AM_DEFAULT_VERBOSITY='1'
AM_V='$(V)'
AR='ar'
AUTOCONF='${SHELL} /home/codespace/rcssmonitor/missing autoconf'
AUTOHEADER='${SHELL} /home/codespace/rcssmonitor/missing autoheader'
AUTOMAKE='${SHELL} /home/codespace/rcssmonitor/missing automake-1.16'
AWK='gawk'
CC='gcc'
CCDEPMODE='depmode=gcc3'
CFLAGS='-g -O2'
CPP='gcc -E'
CPPFLAGS=' -I/usr/include -I/usr/include'
CXX='g++ -std=c++17'
CXXCPP='g++ -E -std=c++17'
CXXDEPMODE='depmode=gcc3'
CXXFLAGS='-g -O2'
CYGPATH_W='echo'
DEFS='-DHAVE_CONFIG_H'
DEPDIR='.deps'
DLLTOOL='false'
DSYMUTIL=''
DUMPBIN=''
ECHO_C=''
ECHO_N='-n'
ECHO_T=''
EGREP='/usr/bin/grep -E'
EXEEXT=''
FGREP='/usr/bin/grep -F'
GREP='/usr/bin/grep'
HAVE_CXX17='1'
INSTALL_DATA='${INSTALL} -m 644'
INSTALL_PROGRAM='${INSTALL}'
INSTALL_SCRIPT='${INSTALL}'
INSTALL_STRIP_PROGRAM='$(install_sh) -c -s'
LD='/usr/bin/ld -m elf_x86_64'
LDFLAGS=' -L/usr/lib -L/usr/lib'
LIBOBJS=''
LIBS='-lz -lm '
LIBTOOL='$(SHELL) $(top_builddir)/libtool'
LIBTOOL_DEPS='./ltmain.sh'
LIPO=''
LN_S='ln -s'
LTLIBOBJS=''
LT_SYS_LIBRARY_PATH=''
MAKEINFO='${SHELL} /home/codespace/rcssmonitor/missing makeinfo'
MANIFEST_TOOL=':'
MKDIR_P='/usr/bin/mkdir -p'
NM='/usr/bin/nm -B'
NMEDIT=''
OBJDUMP='objdump'
OBJEXT='o'
OTOOL64=''
OTOOL=''
PACKAGE='rcssmonitor'
PACKAGE_BUGREPORT='https://github.com/rcsoccersim/rcssmonitor'
PACKAGE_NAME='rcssmonitor'
PACKAGE_STRING='rcssmonitor 19.0.1'
PACKAGE_TARNAME='rcssmonitor'
PACKAGE_URL=''
PACKAGE_VERSION='19.0.1'
PATH_SEPARATOR=':'
QMAKE='qmake'
QT_CXXFLAGS='-pipe -O2 -Wall -W -D_REENTRANT -fPIC -DQT_NO_DEBUG -DQT_OPENGL_LIB -DQT_PRINTSUPPORT_LIB -DQT_WIDGETS_LIB -DQT_GUI_LIB -DQT_CONCURRENT_LIB -DQT_DBUS_LIB -DQT_NETWORK_LIB -DQT_SQL_LIB -DQT_TESTLIB_LIB -DQT_XML_LIB -DQT_CORE_LIB -DQT_TESTCASE_BUILDDIR="/tmp/tmp.27kQhCD1ry" -I. -isystem /usr/include/x86_64-linux-gnu/qt5 -isystem /usr/include/x86_64-linux-gnu/qt5/QtOpenGL -isystem /usr/include/x86_64-linux-gnu/qt5/QtPrintSupport -isystem /usr/include/x86_64-linux-gnu/qt5/QtWidgets -isystem /usr/include/x86_64-linux-gnu/qt5/QtGui -isystem /usr/include/x86_64-linux-gnu/qt5/QtConcurrent -isystem /usr/include/x86_64-linux-gnu/qt5/QtDBus -isystem /usr/include/x86_64-linux-gnu/qt5/QtNetwork -isystem /usr/include/x86_64-linux-gnu/qt5/QtSql -isystem /usr/include/x86_64-linux-gnu/qt5/QtTest -isystem /usr/include/x86_64-linux-gnu/qt5/QtXml -isystem /usr/include/x86_64-linux-gnu/qt5/QtCore -I. -I/usr/lib/x86_64-linux-gnu/qt5/mkspecs/linux-g++ '
QT_DIR='/usr/lib/x86_64-linux-gnu'
QT_LIBS='/usr/lib/x86_64-linux-gnu/libQt5OpenGL.so /usr/lib/x86_64-linux-gnu/libQt5PrintSupport.so /usr/lib/x86_64-linux-gnu/libQt5Widgets.so /usr/lib/x86_64-linux-gnu/libQt5Gui.so /usr/lib/x86_64-linux-gnu/libQt5Concurrent.so /usr/lib/x86_64-linux-gnu/libQt5DBus.so /usr/lib/x86_64-linux-gnu/libQt5Network.so /usr/lib/x86_64-linux-gnu/libQt5Sql.so /usr/lib/x86_64-linux-gnu/libQt5Test.so /usr/lib/x86_64-linux-gnu/libQt5Xml.so /usr/lib/x86_64-linux-gnu/libQt5Core.so /usr/lib/x86_64-linux-gnu/libGL.so -lpthread  '
QT_LRELEASE='/usr/bin/lrelease'
QT_LUPDATE='/usr/bin/lupdate'
QT_MOC='/usr/bin/moc'
QT_RCC='/usr/bin/rcc'
QT_UIC='/usr/bin/uic'
RANLIB='ranlib'
SED='/usr/bin/sed'
SET_MAKE=''
SHELL='/bin/bash'
STRIP='strip'
VERSION='19.0.1'
XMKMF=''
X_CFLAGS=''
X_EXTRA_LIBS=''
X_LIBS=''
X_PRE_LIBS=' -lSM -lICE'
ac_ct_AR='ar'
ac_ct_CC='gcc'
ac_ct_CXX='g++'
ac_ct_DUMPBIN=''
ac_ct_QMAKE='qmake'
am__EXEEXT_FALSE=''
am__EXEEXT_TRUE='#'
am__fastdepCC_FALSE='#'
am__fastdepCC_TRUE=''
am__fastdepCXX_FALSE='#'
am__fastdepCXX_TRUE=''
am__include='include'
am__isrc=''
am__leading_dot='.'
am__nodep='_no'
am__quote=''
am__tar='$${TAR-tar} chof - "$$tardir"'
am__untar='$${TAR-tar} xf -'
bindir='${exec_prefix}/bin'
build='x86_64-pc-linux-gnu'
build_alias=''
build_cpu='x86_64'
build_os='linux-gnu'
build_vendor='pc'
datadir='${datarootdir}'
datarootdir='${prefix}/share'
docdir='${datarootdir}/doc/${PACKAGE_TARNAME}'
dvidir='${docdir}'
exec_prefix='${prefix}'
host='x86_64-pc-linux-gnu'
host_alias=''
host_cpu='x86_64'
host_os='linux-gnu'
host_vendor='pc'
htmldir='${docdir}'
includedir='${prefix}/include'
infodir='${datarootdir}/info'
install_sh='${SHELL} /home/codespace/rcssmonitor/install-sh'
libdir='${exec_prefix}/lib'
libexecdir='${exec_prefix}/libexec'
localedir='${datarootdir}/locale'
localstatedir='${prefix}/var'
mandir='${datarootdir}/man'
mkdir_p='$(MKDIR_P)'
oldincludedir='/usr/include'
pdfdir='${docdir}'
prefix='/usr/local'
program_transform_name='s,x,x,'
psdir='${docdir}'
runstatedir='${localstatedir}/run'
sbindir='${exec_prefix}/sbin'
sharedstatedir='${prefix}/com'
sysconfdir='${prefix}/etc'
target_alias=''

## ----------- ##
## confdefs.h. ##
## ----------- ##

/* confdefs.h */
#define PACKAGE_NAME "rcssmonitor"
#define PACKAGE_TARNAME "rcssmonitor"
#define PACKAGE_VERSION "19.0.1"
#define PACKAGE_STRING "rcssmonitor 19.0.1"
#define PACKAGE_BUGREPORT "https://github.com/rcsoccersim/rcssmonitor"
#define PACKAGE_URL ""
#define PACKAGE "rcssmonitor"
#define VERSION "19.0.1"
#define STDC_HEADERS 1
#define HAVE_SYS_TYPES_H 1
#define HAVE_SYS_STAT_H 1
#define HAVE_STDLIB_H 1
#define HAVE_STRING_H 1
#define HAVE_MEMORY_H 1
#define HAVE_STRINGS_H 1
#define HAVE_INTTYPES_H 1
#define HAVE_STDINT_H 1
#define HAVE_UNISTD_H 1
#define HAVE_DLFCN_H 1
#define LT_OBJDIR ".libs/"
#define HAVE_LIBZ 1
#define HAVE_ARPA_INET_H 1
#define HAVE__BOOL 1
#define HAVE_STDBOOL_H 1
#define TIME_WITH_SYS_TIME 1
#define HAVE_MEMSET 1
#define HAVE_RINT 1
#define HAVE_STRTOL 1
#define HAVE_POW 1
#define HAVE_SQRT 1
#define HAVE_CXX17 1

configure: exit 0
